<?xml version="1.0" encoding="UTF-8"?>
<robot generator="Robot 4.1 (Python 3.9.1 on win32)" generated="20221002 23:24:14.567" rpa="false" schemaversion="2">
<suite id="s1" name="User Story" source="C:\Users\kapoo\Downloads\Compressed\Oppenheimer-20221002T171833Z-001\Oppenheimer\Oppenheimer\Tests\User_Story.robot">
<test id="s1-t1" name="TC_1: Insert a single record of working class">
<kw name="Make a POST API Request with" library="API_Helper">
<arg>${Base_URL}</arg>
<arg>calculator/insert</arg>
<arg>${Request_header}</arg>
<arg>${Single_record}</arg>
<kw name="Log" library="BuiltIn">
<arg>&lt;b&gt;Domain_URL: ${URL}&lt;br&gt;Path: ${Path}&lt;br&gt;Request Headers: ${json_header}&lt;br&gt;Request Body: ${json_body}&lt;/b&gt;</arg>
<arg>HTML</arg>
<doc>Logs the given message with the given level.</doc>
<msg timestamp="20221002 23:24:14.902" level="INFO" html="true">&lt;b&gt;Domain_URL: http://localhost:8080/&lt;br&gt;Path: calculator/insert&lt;br&gt;Request Headers: {'Content-Type': 'application/json'}&lt;br&gt;Request Body: {'birthday': 21111992, 'gender': 'F', 'name': 'KAmani', 'natid': 'KKD32ABS', 'salary': 22388883, 'tax': 22}&lt;/b&gt;</msg>
<status status="PASS" starttime="20221002 23:24:14.902" endtime="20221002 23:24:14.902"/>
</kw>
<kw name="Create Custom Session" library="RequestsLibrary">
<arg>API_POST</arg>
<arg>${URL}</arg>
<arg>auth=${EMPTY}</arg>
<arg>disable_warnings=1</arg>
<doc>Create Session: create a HTTP session to a server</doc>
<msg timestamp="20221002 23:24:14.903" level="INFO">Creating Custom Authenticated Session using : alias=API_POST, url=http://localhost:8080/, headers={},                     cookies={}, auth=, timeout=None, proxies=None, verify=False,                     debug=0 </msg>
<status status="PASS" starttime="20221002 23:24:14.902" endtime="20221002 23:24:14.904"/>
</kw>
<kw name="Post Request" library="RequestsLibrary">
<var>${API_RESPONSE}</var>
<arg>API_POST</arg>
<arg>${Path}</arg>
<arg>headers=${json_header}</arg>
<arg>data=${json_body}</arg>
<doc>Send a POST request on the session object found using the
given `alias`</doc>
<msg timestamp="20221002 23:24:14.918" level="INFO">POST Request : url=http://localhost:8080//calculator/insert 
 path_url=//calculator/insert 
 headers={'User-Agent': 'python-requests/2.28.1', 'Accept-Encoding': 'gzip, deflate', 'Accept': '*/*', 'Connection': 'keep-alive', 'Content-Type': 'application/json', 'Content-Length': '107'} 
 body={"birthday": 21111992, "gender": "F", "name": "KAmani", "natid": "KKD32ABS", "salary": 22388883, "tax": 22} 
 </msg>
<msg timestamp="20221002 23:24:14.918" level="INFO">POST Response : url=http://localhost:8080//calculator/insert 
 status=202, reason= 
 body=Alright 
 </msg>
<msg timestamp="20221002 23:24:14.918" level="INFO">${API_RESPONSE} = &lt;Response [202]&gt;</msg>
<status status="PASS" starttime="20221002 23:24:14.904" endtime="20221002 23:24:14.918"/>
</kw>
<kw name="Log Many" library="BuiltIn">
<arg>Response Status Code:</arg>
<arg>${API_RESPONSE.status_code}</arg>
<arg>Response Body:</arg>
<arg>${API_RESPONSE.content}</arg>
<arg>Response Headers:</arg>
<arg>${API_RESPONSE.headers}</arg>
<doc>Logs the given messages as separate entries using the INFO level.</doc>
<msg timestamp="20221002 23:24:14.919" level="INFO">Response Status Code:</msg>
<msg timestamp="20221002 23:24:14.919" level="INFO">202</msg>
<msg timestamp="20221002 23:24:14.919" level="INFO">Response Body:</msg>
<msg timestamp="20221002 23:24:14.920" level="INFO">Alright</msg>
<msg timestamp="20221002 23:24:14.920" level="INFO">Response Headers:</msg>
<msg timestamp="20221002 23:24:14.920" level="INFO">{'Content-Type': 'text/plain;charset=UTF-8', 'Content-Length': '7', 'Date': 'Sun, 02 Oct 2022 17:54:14 GMT'}</msg>
<status status="PASS" starttime="20221002 23:24:14.919" endtime="20221002 23:24:14.920"/>
</kw>
<kw name="Set Suite Variable" library="BuiltIn">
<arg>${API_RESPONSE}</arg>
<doc>Makes a variable available everywhere within the scope of the current suite.</doc>
<msg timestamp="20221002 23:24:14.920" level="INFO">${API_RESPONSE} = &lt;Response [202]&gt;</msg>
<status status="PASS" starttime="20221002 23:24:14.920" endtime="20221002 23:24:14.921"/>
</kw>
<status status="PASS" starttime="20221002 23:24:14.901" endtime="20221002 23:24:14.921"/>
</kw>
<kw name="Verify the API Response Code is" library="API_Helper">
<arg>202</arg>
<kw name="Log" library="BuiltIn">
<arg>&lt;b&gt;Actual Response Status Code: ${API_RESPONSE.status_code}&lt;br&gt;Expected Response Status Code: ${expected_status_code}&lt;/b&gt;</arg>
<arg>HTML</arg>
<doc>Logs the given message with the given level.</doc>
<msg timestamp="20221002 23:24:14.922" level="INFO" html="true">&lt;b&gt;Actual Response Status Code: 202&lt;br&gt;Expected Response Status Code: 202&lt;/b&gt;</msg>
<status status="PASS" starttime="20221002 23:24:14.921" endtime="20221002 23:24:14.922"/>
</kw>
<kw name="Should Be Equal As Strings" library="BuiltIn">
<arg>${API_RESPONSE.status_code}</arg>
<arg>${expected_status_code}</arg>
<doc>Fails if objects are unequal after converting them to strings.</doc>
<msg timestamp="20221002 23:24:14.923" level="INFO">Argument types are:
&lt;class 'int'&gt;
&lt;type 'unicode'&gt;</msg>
<status status="PASS" starttime="20221002 23:24:14.922" endtime="20221002 23:24:14.923"/>
</kw>
<status status="PASS" starttime="20221002 23:24:14.921" endtime="20221002 23:24:14.923"/>
</kw>
<kw name="Close Browser" library="SeleniumLibrary" type="TEARDOWN">
<doc>Closes the current browser.</doc>
<status status="PASS" starttime="20221002 23:24:14.923" endtime="20221002 23:24:14.923"/>
</kw>
<doc>This test case can add single record in database via Post API</doc>
<status status="PASS" starttime="20221002 23:24:14.900" endtime="20221002 23:24:14.924"/>
</test>
<test id="s1-t2" name="TC_2: Insert a multiple records of working class">
<kw name="Make a POST API Request with" library="API_Helper">
<arg>${Base_URL}</arg>
<arg>calculator/insertMultiple</arg>
<arg>${Request_header}</arg>
<arg>${Multiple_records}</arg>
<kw name="Log" library="BuiltIn">
<arg>&lt;b&gt;Domain_URL: ${URL}&lt;br&gt;Path: ${Path}&lt;br&gt;Request Headers: ${json_header}&lt;br&gt;Request Body: ${json_body}&lt;/b&gt;</arg>
<arg>HTML</arg>
<doc>Logs the given message with the given level.</doc>
<msg timestamp="20221002 23:24:14.926" level="INFO" html="true">&lt;b&gt;Domain_URL: http://localhost:8080/&lt;br&gt;Path: calculator/insertMultiple&lt;br&gt;Request Headers: {'Content-Type': 'application/json'}&lt;br&gt;Request Body: [{'birthday': 21111992, 'gender': 'F', 'name': 'Kristine', 'natid': 'QQD32ABS', 'salary': 18388883, 'tax': 12}, {'birthday': 10111992, 'gender': 'M', 'name': 'Harshil', 'natid': 'LKLD32ABS', 'salary': 7568883, 'tax': 21}]&lt;/b&gt;</msg>
<status status="PASS" starttime="20221002 23:24:14.926" endtime="20221002 23:24:14.926"/>
</kw>
<kw name="Create Custom Session" library="RequestsLibrary">
<arg>API_POST</arg>
<arg>${URL}</arg>
<arg>auth=${EMPTY}</arg>
<arg>disable_warnings=1</arg>
<doc>Create Session: create a HTTP session to a server</doc>
<msg timestamp="20221002 23:24:14.927" level="INFO">Creating Custom Authenticated Session using : alias=API_POST, url=http://localhost:8080/, headers={},                     cookies={}, auth=, timeout=None, proxies=None, verify=False,                     debug=0 </msg>
<status status="PASS" starttime="20221002 23:24:14.926" endtime="20221002 23:24:14.927"/>
</kw>
<kw name="Post Request" library="RequestsLibrary">
<var>${API_RESPONSE}</var>
<arg>API_POST</arg>
<arg>${Path}</arg>
<arg>headers=${json_header}</arg>
<arg>data=${json_body}</arg>
<doc>Send a POST request on the session object found using the
given `alias`</doc>
<msg timestamp="20221002 23:24:14.933" level="INFO">POST Request : url=http://localhost:8080//calculator/insertMultiple 
 path_url=//calculator/insertMultiple 
 headers={'User-Agent': 'python-requests/2.28.1', 'Accept-Encoding': 'gzip, deflate', 'Accept': '*/*', 'Connection': 'keep-alive', 'Content-Type': 'application/json', 'Content-Length': '221'} 
 body=[{"birthday": 21111992, "gender": "F", "name": "Kristine", "natid": "QQD32ABS", "salary": 18388883, "tax": 12}, {"birthday": 10111992, "gender": "M", "name": "Harshil", "natid": "LKLD32ABS", "salary": 7568883, "tax": 21}] 
 </msg>
<msg timestamp="20221002 23:24:14.933" level="INFO">POST Response : url=http://localhost:8080//calculator/insertMultiple 
 status=202, reason= 
 body=Alright 
 </msg>
<msg timestamp="20221002 23:24:14.933" level="INFO">${API_RESPONSE} = &lt;Response [202]&gt;</msg>
<status status="PASS" starttime="20221002 23:24:14.927" endtime="20221002 23:24:14.933"/>
</kw>
<kw name="Log Many" library="BuiltIn">
<arg>Response Status Code:</arg>
<arg>${API_RESPONSE.status_code}</arg>
<arg>Response Body:</arg>
<arg>${API_RESPONSE.content}</arg>
<arg>Response Headers:</arg>
<arg>${API_RESPONSE.headers}</arg>
<doc>Logs the given messages as separate entries using the INFO level.</doc>
<msg timestamp="20221002 23:24:14.934" level="INFO">Response Status Code:</msg>
<msg timestamp="20221002 23:24:14.934" level="INFO">202</msg>
<msg timestamp="20221002 23:24:14.934" level="INFO">Response Body:</msg>
<msg timestamp="20221002 23:24:14.934" level="INFO">Alright</msg>
<msg timestamp="20221002 23:24:14.935" level="INFO">Response Headers:</msg>
<msg timestamp="20221002 23:24:14.935" level="INFO">{'Content-Type': 'text/plain;charset=UTF-8', 'Content-Length': '7', 'Date': 'Sun, 02 Oct 2022 17:54:14 GMT'}</msg>
<status status="PASS" starttime="20221002 23:24:14.933" endtime="20221002 23:24:14.935"/>
</kw>
<kw name="Set Suite Variable" library="BuiltIn">
<arg>${API_RESPONSE}</arg>
<doc>Makes a variable available everywhere within the scope of the current suite.</doc>
<msg timestamp="20221002 23:24:14.935" level="INFO">${API_RESPONSE} = &lt;Response [202]&gt;</msg>
<status status="PASS" starttime="20221002 23:24:14.935" endtime="20221002 23:24:14.935"/>
</kw>
<status status="PASS" starttime="20221002 23:24:14.925" endtime="20221002 23:24:14.935"/>
</kw>
<kw name="Verify the API Response Code is" library="API_Helper">
<arg>202</arg>
<kw name="Log" library="BuiltIn">
<arg>&lt;b&gt;Actual Response Status Code: ${API_RESPONSE.status_code}&lt;br&gt;Expected Response Status Code: ${expected_status_code}&lt;/b&gt;</arg>
<arg>HTML</arg>
<doc>Logs the given message with the given level.</doc>
<msg timestamp="20221002 23:24:14.937" level="INFO" html="true">&lt;b&gt;Actual Response Status Code: 202&lt;br&gt;Expected Response Status Code: 202&lt;/b&gt;</msg>
<status status="PASS" starttime="20221002 23:24:14.936" endtime="20221002 23:24:14.937"/>
</kw>
<kw name="Should Be Equal As Strings" library="BuiltIn">
<arg>${API_RESPONSE.status_code}</arg>
<arg>${expected_status_code}</arg>
<doc>Fails if objects are unequal after converting them to strings.</doc>
<msg timestamp="20221002 23:24:14.938" level="INFO">Argument types are:
&lt;class 'int'&gt;
&lt;type 'unicode'&gt;</msg>
<status status="PASS" starttime="20221002 23:24:14.937" endtime="20221002 23:24:14.938"/>
</kw>
<status status="PASS" starttime="20221002 23:24:14.936" endtime="20221002 23:24:14.938"/>
</kw>
<kw name="Close Browser" library="SeleniumLibrary" type="TEARDOWN">
<doc>Closes the current browser.</doc>
<status status="PASS" starttime="20221002 23:24:14.938" endtime="20221002 23:24:14.938"/>
</kw>
<doc>This test case can add more than one record in database via Post API</doc>
<status status="PASS" starttime="20221002 23:24:14.924" endtime="20221002 23:24:14.939"/>
</test>
<test id="s1-t3" name="TC_3: Upload records of working class hero using CSV">
<kw name="Navigate to Oppenheimer Project" library="Oppenheimer_common">
<doc>Navigate to the Oppenheimer Project page</doc>
<kw name="Open Browser" library="SeleniumLibrary">
<arg>${base_URL}</arg>
<arg>chrome</arg>
<doc>Opens a new browser instance to the optional ``url``.</doc>
<msg timestamp="20221002 23:24:14.941" level="INFO">Opening browser 'chrome' to base url 'http://localhost:8080/'.</msg>
<status status="PASS" starttime="20221002 23:24:14.941" endtime="20221002 23:24:18.881"/>
</kw>
<kw name="Maximize Browser Window" library="SeleniumLibrary">
<doc>Maximizes current browser window.</doc>
<status status="PASS" starttime="20221002 23:24:18.882" endtime="20221002 23:24:19.056"/>
</kw>
<status status="PASS" starttime="20221002 23:24:14.940" endtime="20221002 23:24:19.057"/>
</kw>
<kw name="Upload File" library="Oppenheimer_common">
<arg>${dir_path}</arg>
<doc>Pass xpath(xpath should be related to input tag not button) and path of file</doc>
<kw name="Normalize Path" library="OperatingSystem">
<var>${NORMAL_PATH_UPLOAD_FILE_NAME}</var>
<arg>${File_Path}</arg>
<doc>Normalizes the given path.</doc>
<msg timestamp="20221002 23:24:19.066" level="INFO">${NORMAL_PATH_UPLOAD_FILE_NAME} = C:\Users\kapoo\Downloads\Compressed\Oppenheimer-20221002T171833Z-001\Oppenheimer\Oppenheimer\TestData\working_Class.csv</msg>
<status status="PASS" starttime="20221002 23:24:19.064" endtime="20221002 23:24:19.067"/>
</kw>
<kw name="Choose File" library="SeleniumLibrary">
<arg>${browse_button}</arg>
<arg>${NORMAL_PATH_UPLOAD_FILE_NAME}</arg>
<doc>Inputs the ``file_path`` into the file input field ``locator``.</doc>
<msg timestamp="20221002 23:24:19.073" level="INFO">Sending C:\Users\kapoo\Downloads\Compressed\Oppenheimer-20221002T171833Z-001\Oppenheimer\Oppenheimer\TestData\working_Class.csv to browser.</msg>
<status status="PASS" starttime="20221002 23:24:19.068" endtime="20221002 23:24:19.202"/>
</kw>
<kw name="Sleep" library="BuiltIn">
<arg>2s</arg>
<doc>Pauses the test executed for the given time.</doc>
<msg timestamp="20221002 23:24:21.218" level="INFO">Slept 2 seconds</msg>
<status status="PASS" starttime="20221002 23:24:19.203" endtime="20221002 23:24:21.218"/>
</kw>
<status status="PASS" starttime="20221002 23:24:19.062" endtime="20221002 23:24:21.218"/>
</kw>
<kw name="Close Browser" library="SeleniumLibrary" type="TEARDOWN">
<doc>Closes the current browser.</doc>
<status status="PASS" starttime="20221002 23:24:21.219" endtime="20221002 23:24:23.355"/>
</kw>
<doc>uploading CSV file on UI page</doc>
<status status="PASS" starttime="20221002 23:24:14.940" endtime="20221002 23:24:23.355"/>
</test>
<test id="s1-t4" name="TC_4: Query the amount of taxRelief for each person in the database">
<kw name="Make a GET API Request with" library="API_Helper">
<arg>${Base_URL}</arg>
<arg>calculator/taxRelief</arg>
<kw name="Log" library="BuiltIn">
<arg>&lt;b&gt;Domain_URL: ${URL}&lt;br&gt;Path: ${Path}&lt;br&gt;Request Headers: ${json_header}&lt;br&gt;Request Params: ${json_param}&lt;/b&gt;</arg>
<arg>HTML</arg>
<doc>Logs the given message with the given level.</doc>
<msg timestamp="20221002 23:24:23.359" level="INFO" html="true">&lt;b&gt;Domain_URL: http://localhost:8080/&lt;br&gt;Path: calculator/taxRelief&lt;br&gt;Request Headers: {}&lt;br&gt;Request Params: {}&lt;/b&gt;</msg>
<status status="PASS" starttime="20221002 23:24:23.359" endtime="20221002 23:24:23.359"/>
</kw>
<kw name="Create Custom Session" library="RequestsLibrary">
<arg>API_GET</arg>
<arg>${URL}</arg>
<arg>auth=${EMPTY}</arg>
<arg>disable_warnings=1</arg>
<doc>Create Session: create a HTTP session to a server</doc>
<msg timestamp="20221002 23:24:23.360" level="INFO">Creating Custom Authenticated Session using : alias=API_GET, url=http://localhost:8080/, headers={},                     cookies={}, auth=, timeout=None, proxies=None, verify=False,                     debug=0 </msg>
<status status="PASS" starttime="20221002 23:24:23.360" endtime="20221002 23:24:23.360"/>
</kw>
<kw name="Get Request" library="RequestsLibrary">
<var>${API_RESPONSE}</var>
<arg>API_GET</arg>
<arg>${Path}</arg>
<arg>headers=${json_header}</arg>
<arg>params=${json_param}</arg>
<doc>Send a GET request on the session object found using the
given `alias`</doc>
<msg timestamp="20221002 23:24:23.368" level="INFO">GET Request : url=http://localhost:8080//calculator/taxRelief 
 path_url=//calculator/taxRelief 
 headers={'User-Agent': 'python-requests/2.28.1', 'Accept-Encoding': 'gzip, deflate', 'Accept': '*/*', 'Connection': 'keep-alive'} 
 body=None 
 </msg>
<msg timestamp="20221002 23:24:23.368" level="INFO">GET Response : url=http://localhost:8080//calculator/taxRelief 
 status=200, reason= 
 body=[{"natid":"KKD3$$$$","name":"KAmani","relief":"17911588.81"},{"natid":"QQD3$$$$","name":"Kristine","relief":"14711596.81"},{"natid":"LKLD$$$$$","name":"Harshil","relief":"6055089.61"},{"natid":"KKD3$$$$","name":"KAmani","relief":"17911588.81"},{"natid":"QQD3$$$$","name":"Kristine","relief":"14711596.81"},{"natid":"LKLD$$$$$","name":"Harshil","relief":"6055089.61"}] 
 </msg>
<msg timestamp="20221002 23:24:23.368" level="INFO">${API_RESPONSE} = &lt;Response [200]&gt;</msg>
<status status="PASS" starttime="20221002 23:24:23.360" endtime="20221002 23:24:23.368"/>
</kw>
<kw name="Log Many" library="BuiltIn">
<arg>Response Status Code:</arg>
<arg>${API_RESPONSE.status_code}</arg>
<arg>Response Body:</arg>
<arg>${API_RESPONSE.content}</arg>
<arg>Response Headers:</arg>
<arg>${API_RESPONSE.headers}</arg>
<doc>Logs the given messages as separate entries using the INFO level.</doc>
<msg timestamp="20221002 23:24:23.369" level="INFO">Response Status Code:</msg>
<msg timestamp="20221002 23:24:23.370" level="INFO">200</msg>
<msg timestamp="20221002 23:24:23.370" level="INFO">Response Body:</msg>
<msg timestamp="20221002 23:24:23.371" level="INFO">[{"natid":"KKD3$$$$","name":"KAmani","relief":"17911588.81"},{"natid":"QQD3$$$$","name":"Kristine","relief":"14711596.81"},{"natid":"LKLD$$$$$","name":"Harshil","relief":"6055089.61"},{"natid":"KKD3$$$$","name":"KAmani","relief":"17911588.81"},{"natid":"QQD3$$$$","name":"Kristine","relief":"14711596.81"},{"natid":"LKLD$$$$$","name":"Harshil","relief":"6055089.61"}]</msg>
<msg timestamp="20221002 23:24:23.371" level="INFO">Response Headers:</msg>
<msg timestamp="20221002 23:24:23.372" level="INFO">{'Content-Type': 'application/json;charset=UTF-8', 'Transfer-Encoding': 'chunked', 'Date': 'Sun, 02 Oct 2022 17:54:23 GMT'}</msg>
<status status="PASS" starttime="20221002 23:24:23.369" endtime="20221002 23:24:23.372"/>
</kw>
<kw name="Set Suite Variable" library="BuiltIn">
<arg>${API_RESPONSE}</arg>
<doc>Makes a variable available everywhere within the scope of the current suite.</doc>
<msg timestamp="20221002 23:24:23.372" level="INFO">${API_RESPONSE} = &lt;Response [200]&gt;</msg>
<status status="PASS" starttime="20221002 23:24:23.372" endtime="20221002 23:24:23.372"/>
</kw>
<status status="PASS" starttime="20221002 23:24:23.358" endtime="20221002 23:24:23.373"/>
</kw>
<kw name="Verify the API Response Code is" library="API_Helper">
<arg>200</arg>
<kw name="Log" library="BuiltIn">
<arg>&lt;b&gt;Actual Response Status Code: ${API_RESPONSE.status_code}&lt;br&gt;Expected Response Status Code: ${expected_status_code}&lt;/b&gt;</arg>
<arg>HTML</arg>
<doc>Logs the given message with the given level.</doc>
<msg timestamp="20221002 23:24:23.375" level="INFO" html="true">&lt;b&gt;Actual Response Status Code: 200&lt;br&gt;Expected Response Status Code: 200&lt;/b&gt;</msg>
<status status="PASS" starttime="20221002 23:24:23.373" endtime="20221002 23:24:23.375"/>
</kw>
<kw name="Should Be Equal As Strings" library="BuiltIn">
<arg>${API_RESPONSE.status_code}</arg>
<arg>${expected_status_code}</arg>
<doc>Fails if objects are unequal after converting them to strings.</doc>
<msg timestamp="20221002 23:24:23.375" level="INFO">Argument types are:
&lt;class 'int'&gt;
&lt;type 'unicode'&gt;</msg>
<status status="PASS" starttime="20221002 23:24:23.375" endtime="20221002 23:24:23.375"/>
</kw>
<status status="PASS" starttime="20221002 23:24:23.373" endtime="20221002 23:24:23.375"/>
</kw>
<for flavor="IN">
<var>${response_value}</var>
<value>@{API_RESPONSE.json()}</value>
<iter>
<var name="${response_value}">{'natid': 'KKD3$$$$', 'name': 'KAmani', 'relief': '17911588.81'}</var>
<kw name="Should Match Regexp" library="BuiltIn">
<arg>${response_value}[natid]</arg>
<arg>^.{4}\\$*$</arg>
<doc>Fails if ``string`` does not match ``pattern`` as a regular expression.</doc>
<status status="PASS" starttime="20221002 23:24:23.377" endtime="20221002 23:24:23.377"/>
</kw>
<kw name="Convert To Number" library="BuiltIn">
<var>${roundoff_TaxReleif}</var>
<arg>${response_value}[relief]</arg>
<arg>0</arg>
<doc>Converts the given item to a floating point number.</doc>
<msg timestamp="20221002 23:24:23.377" level="INFO">${roundoff_TaxReleif} = 17911589.0</msg>
<status status="PASS" starttime="20221002 23:24:23.377" endtime="20221002 23:24:23.377"/>
</kw>
<status status="PASS" starttime="20221002 23:24:23.376" endtime="20221002 23:24:23.377"/>
</iter>
<iter>
<var name="${response_value}">{'natid': 'QQD3$$$$', 'name': 'Kristine', 'relief': '14711596.81'}</var>
<kw name="Should Match Regexp" library="BuiltIn">
<arg>${response_value}[natid]</arg>
<arg>^.{4}\\$*$</arg>
<doc>Fails if ``string`` does not match ``pattern`` as a regular expression.</doc>
<status status="PASS" starttime="20221002 23:24:23.377" endtime="20221002 23:24:23.378"/>
</kw>
<kw name="Convert To Number" library="BuiltIn">
<var>${roundoff_TaxReleif}</var>
<arg>${response_value}[relief]</arg>
<arg>0</arg>
<doc>Converts the given item to a floating point number.</doc>
<msg timestamp="20221002 23:24:23.378" level="INFO">${roundoff_TaxReleif} = 14711597.0</msg>
<status status="PASS" starttime="20221002 23:24:23.378" endtime="20221002 23:24:23.378"/>
</kw>
<status status="PASS" starttime="20221002 23:24:23.377" endtime="20221002 23:24:23.378"/>
</iter>
<iter>
<var name="${response_value}">{'natid': 'LKLD$$$$$', 'name': 'Harshil', 'relief': '6055089.61'}</var>
<kw name="Should Match Regexp" library="BuiltIn">
<arg>${response_value}[natid]</arg>
<arg>^.{4}\\$*$</arg>
<doc>Fails if ``string`` does not match ``pattern`` as a regular expression.</doc>
<status status="PASS" starttime="20221002 23:24:23.378" endtime="20221002 23:24:23.378"/>
</kw>
<kw name="Convert To Number" library="BuiltIn">
<var>${roundoff_TaxReleif}</var>
<arg>${response_value}[relief]</arg>
<arg>0</arg>
<doc>Converts the given item to a floating point number.</doc>
<msg timestamp="20221002 23:24:23.379" level="INFO">${roundoff_TaxReleif} = 6055090.0</msg>
<status status="PASS" starttime="20221002 23:24:23.378" endtime="20221002 23:24:23.379"/>
</kw>
<status status="PASS" starttime="20221002 23:24:23.378" endtime="20221002 23:24:23.379"/>
</iter>
<iter>
<var name="${response_value}">{'natid': 'KKD3$$$$', 'name': 'KAmani', 'relief': '17911588.81'}</var>
<kw name="Should Match Regexp" library="BuiltIn">
<arg>${response_value}[natid]</arg>
<arg>^.{4}\\$*$</arg>
<doc>Fails if ``string`` does not match ``pattern`` as a regular expression.</doc>
<status status="PASS" starttime="20221002 23:24:23.379" endtime="20221002 23:24:23.379"/>
</kw>
<kw name="Convert To Number" library="BuiltIn">
<var>${roundoff_TaxReleif}</var>
<arg>${response_value}[relief]</arg>
<arg>0</arg>
<doc>Converts the given item to a floating point number.</doc>
<msg timestamp="20221002 23:24:23.379" level="INFO">${roundoff_TaxReleif} = 17911589.0</msg>
<status status="PASS" starttime="20221002 23:24:23.379" endtime="20221002 23:24:23.379"/>
</kw>
<status status="PASS" starttime="20221002 23:24:23.379" endtime="20221002 23:24:23.379"/>
</iter>
<iter>
<var name="${response_value}">{'natid': 'QQD3$$$$', 'name': 'Kristine', 'relief': '14711596.81'}</var>
<kw name="Should Match Regexp" library="BuiltIn">
<arg>${response_value}[natid]</arg>
<arg>^.{4}\\$*$</arg>
<doc>Fails if ``string`` does not match ``pattern`` as a regular expression.</doc>
<status status="PASS" starttime="20221002 23:24:23.380" endtime="20221002 23:24:23.380"/>
</kw>
<kw name="Convert To Number" library="BuiltIn">
<var>${roundoff_TaxReleif}</var>
<arg>${response_value}[relief]</arg>
<arg>0</arg>
<doc>Converts the given item to a floating point number.</doc>
<msg timestamp="20221002 23:24:23.380" level="INFO">${roundoff_TaxReleif} = 14711597.0</msg>
<status status="PASS" starttime="20221002 23:24:23.380" endtime="20221002 23:24:23.380"/>
</kw>
<status status="PASS" starttime="20221002 23:24:23.380" endtime="20221002 23:24:23.380"/>
</iter>
<iter>
<var name="${response_value}">{'natid': 'LKLD$$$$$', 'name': 'Harshil', 'relief': '6055089.61'}</var>
<kw name="Should Match Regexp" library="BuiltIn">
<arg>${response_value}[natid]</arg>
<arg>^.{4}\\$*$</arg>
<doc>Fails if ``string`` does not match ``pattern`` as a regular expression.</doc>
<status status="PASS" starttime="20221002 23:24:23.380" endtime="20221002 23:24:23.381"/>
</kw>
<kw name="Convert To Number" library="BuiltIn">
<var>${roundoff_TaxReleif}</var>
<arg>${response_value}[relief]</arg>
<arg>0</arg>
<doc>Converts the given item to a floating point number.</doc>
<msg timestamp="20221002 23:24:23.381" level="INFO">${roundoff_TaxReleif} = 6055090.0</msg>
<status status="PASS" starttime="20221002 23:24:23.381" endtime="20221002 23:24:23.381"/>
</kw>
<status status="PASS" starttime="20221002 23:24:23.380" endtime="20221002 23:24:23.381"/>
</iter>
<status status="PASS" starttime="20221002 23:24:23.376" endtime="20221002 23:24:23.381"/>
</for>
<kw name="Close Browser" library="SeleniumLibrary" type="TEARDOWN">
<doc>Closes the current browser.</doc>
<status status="PASS" starttime="20221002 23:24:23.381" endtime="20221002 23:24:23.382"/>
</kw>
<doc>This test case can query the amount of tax
relief for each person in the database</doc>
<status status="PASS" starttime="20221002 23:24:23.357" endtime="20221002 23:24:23.382"/>
</test>
<test id="s1-t5" name="TC_5: Dispense tax relief for working class heroes">
<kw name="Navigate to Oppenheimer Project" library="Oppenheimer_common">
<doc>Navigate to the Oppenheimer Project page</doc>
<kw name="Open Browser" library="SeleniumLibrary">
<arg>${base_URL}</arg>
<arg>chrome</arg>
<doc>Opens a new browser instance to the optional ``url``.</doc>
<msg timestamp="20221002 23:24:23.384" level="INFO">Opening browser 'chrome' to base url 'http://localhost:8080/'.</msg>
<status status="PASS" starttime="20221002 23:24:23.384" endtime="20221002 23:24:25.497"/>
</kw>
<kw name="Maximize Browser Window" library="SeleniumLibrary">
<doc>Maximizes current browser window.</doc>
<status status="PASS" starttime="20221002 23:24:25.498" endtime="20221002 23:24:25.629"/>
</kw>
<status status="PASS" starttime="20221002 23:24:23.383" endtime="20221002 23:24:25.629"/>
</kw>
<kw name="Element Text Should Be" library="SeleniumLibrary">
<arg>${Dispense_button}</arg>
<arg>Dispense Now</arg>
<doc>Verifies that element ``locator`` contains exact the text ``expected``.</doc>
<msg timestamp="20221002 23:24:25.630" level="INFO">Verifying element '//*[@class= 'btn btn-danger btn-block']' contains exact text 'Dispense Now'.</msg>
<status status="PASS" starttime="20221002 23:24:25.629" endtime="20221002 23:24:25.696"/>
</kw>
<kw name="Dispense taxRelief" library="Oppenheimer_common">
<arg>${Dispense_button}</arg>
<doc>Dispense tax relief for working class heroes</doc>
<kw name="Click Element" library="SeleniumLibrary">
<arg>${Dispense_button}</arg>
<doc>Click the element identified by ``locator``.</doc>
<msg timestamp="20221002 23:24:25.703" level="INFO">Clicking element '//*[@class= 'btn btn-danger btn-block']'.</msg>
<status status="PASS" starttime="20221002 23:24:25.700" endtime="20221002 23:24:26.145"/>
</kw>
<status status="PASS" starttime="20221002 23:24:25.699" endtime="20221002 23:24:26.146"/>
</kw>
<kw name="Element Text Should Be" library="SeleniumLibrary">
<arg>${cash_dispensed_text}</arg>
<arg>Cash dispensed</arg>
<doc>Verifies that element ``locator`` contains exact the text ``expected``.</doc>
<msg timestamp="20221002 23:24:26.146" level="INFO">Verifying element '//*[@class='display-4 font-weight-bold']' contains exact text 'Cash dispensed'.</msg>
<status status="PASS" starttime="20221002 23:24:26.146" endtime="20221002 23:24:26.166"/>
</kw>
<kw name="Close Browser" library="SeleniumLibrary" type="TEARDOWN">
<doc>Closes the current browser.</doc>
<status status="PASS" starttime="20221002 23:24:26.167" endtime="20221002 23:24:28.343"/>
</kw>
<doc>This test case can Dispense tax relief for working class heroes</doc>
<status status="PASS" starttime="20221002 23:24:23.383" endtime="20221002 23:24:28.344"/>
</test>
<status status="PASS" starttime="20221002 23:24:14.568" endtime="20221002 23:24:28.345"/>
</suite>
<statistics>
<total>
<stat pass="5" fail="0" skip="0">All Tests</stat>
</total>
<tag>
</tag>
<suite>
<stat pass="5" fail="0" skip="0" id="s1" name="User Story">User Story</stat>
</suite>
</statistics>
<errors>
<msg timestamp="20221002 23:24:14.692" level="ERROR">Error in file 'C:\Users\kapoo\Downloads\Compressed\Oppenheimer-20221002T171833Z-001\Oppenheimer\Oppenheimer\Resources\Helper\API\API_Helper.robot' on line 3: Importing library 'Collection' failed: ModuleNotFoundError: No module named 'Collection'
Traceback (most recent call last):
  None
PYTHONPATH:
  C:\Users\kapoo\Downloads\Compressed\Oppenheimer-20221002T171833Z-001\Oppenheimer\Oppenheimer\venv\Scripts\robot.exe
  C:\Users\kapoo\AppData\Local\Programs\Python\Python39\python39.zip
  C:\Users\kapoo\AppData\Local\Programs\Python\Python39\DLLs
  C:\Users\kapoo\AppData\Local\Programs\Python\Python39\lib
  C:\Users\kapoo\AppData\Local\Programs\Python\Python39
  C:\Users\kapoo\Downloads\Compressed\Oppenheimer-20221002T171833Z-001\Oppenheimer\Oppenheimer\venv
  C:\Users\kapoo\Downloads\Compressed\Oppenheimer-20221002T171833Z-001\Oppenheimer\Oppenheimer\venv\lib\site-packages</msg>
</errors>
</robot>
